#-----------------------------------------------------------
# Vivado v2016.2 (64-bit)
# SW Build 1577090 on Thu Jun  2 16:32:40 MDT 2016
# IP Build 1577682 on Fri Jun  3 12:00:54 MDT 2016
# Start of session at: Thu Apr 11 22:45:54 2024
# Process ID: 25400
# Current directory: C:/Users/flandc/OneDrive/MyFiles/@RPI/@Fall 2023/CoCO/Vivado_Projects/Studio8
# Command line: vivado.exe -gui_launcher_event rodinguilauncherevent33300 C:\Users\flandc\OneDrive\MyFiles\@RPI\@Fall 2023\CoCO\Vivado_Projects\Studio8\Studio8.xpr
# Log file: C:/Users/flandc/OneDrive/MyFiles/@RPI/@Fall 2023/CoCO/Vivado_Projects/Studio8/vivado.log
# Journal file: C:/Users/flandc/OneDrive/MyFiles/@RPI/@Fall 2023/CoCO/Vivado_Projects/Studio8\vivado.jou
#-----------------------------------------------------------
start_gui
open_project {C:/Users/flandc/OneDrive/MyFiles/@RPI/@Fall 2023/CoCO/Vivado_Projects/Studio8/Studio8.xpr}
Scanning sources...
Finished scanning sources
INFO: [IP_Flow 19-234] Refreshing IP repositories
INFO: [IP_Flow 19-1704] No user IP repositories specified
INFO: [IP_Flow 19-2313] Loaded Vivado IP repository 'C:/Xilinx/Vivado/2016.2/data/ip'.
exit
INFO: [Common 17-206] Exiting Vivado at Thu Apr 11 22:46:36 2024...
